[    0.000000] Linux version 4.15.0-124-generic (buildd@lgw01-amd64-029) (gcc version 7.5.0 (Ubuntu 7.5.0-3ubuntu1~18.04)) #127-Ubuntu SMP Fri Nov 6 10:54:43 UTC 2020 (Ubuntu 4.15.0-124.127-generic 4.15.18)
[    0.000000] Command line: BOOT_IMAGE=/boot/vmlinuz-4.15.0-124-generic root=LABEL=cloudimg-rootfs ro console=tty1 console=ttyS0
[    0.000000] KERNEL supported cpus:
[    0.000000]   Intel GenuineIntel
[    0.000000]   AMD AuthenticAMD
[    0.000000]   Centaur CentaurHauls
[    0.000000] x86/fpu: Supporting XSAVE feature 0x001: 'x87 floating point registers'
[    0.000000] x86/fpu: Supporting XSAVE feature 0x002: 'SSE registers'
[    0.000000] x86/fpu: Supporting XSAVE feature 0x004: 'AVX registers'
[    0.000000] x86/fpu: xstate_offset[2]:  576, xstate_sizes[2]:  256
[    0.000000] x86/fpu: Enabled xstate features 0x, ontext size is 832 bytes, using 'standard' format.
[    0.000000] e820: BIOS-provided physical RAM map:
[    0.000000] BIOS-e820: [mem 0x0000000000000000-0x000000000009fbff] usable
[    0.000000] BIOS-e820: [mem 0x000000000009fc00-0x000000000009ffff] reserved
[    0.000000] BIOS-e820: [mem 0x00000000000f0000-0x00000000000fffff] reserved
[    0.000000] BIOS-e820: [mem 0x0000000000100000-0x00000000dffeffff] usable
[    0.000000] BIOS-e820: [mem 0x00000000dfff0000-0x00000000dfffffff] ACPI data
[    0.000000] BIOS-e82 [mem 0x00000000fec00000-0x00000000fec00fff] reserved
[    0.000000] BIOS-e820: [mem 0x00000000fee00000-0x00000000fee00fff] reserved
[    0.000000] BIOS-e820: [mem 0x00000000fffc0000-0x00000000ffffffff] reserved
[    0.000000] BIOS-e820: [mem 0x0000000100000000-0x000000011fffffff] usable
[    0.000000] NX (Execute Dable) protection: active
[    0.000000] SMBIOS 2.5 present.
[    0.000000] DMI: innotek GmbH VirtualBox/VirtualBox, BIOS VirtualBox 12/01/2006
[    0.000000] Hypervisor detected: KVM
[    0.000000] e820: last_pfn = 0x120000 max_arch_pfn = 0x400000000
[    0.000000] MTRR: Disabled
[    0.000000] x86/PAT: MTRRs disabled, skipping PAT initialization too.
[    0.000000] CPU MTRRss all blank - virtualized system.
[    0.000000] x86/PAT: Configuration [0-7]: WB  WT  UC- UC  WB  WT  UC- UC  
[    0.000000] e820: last_pfn = 0xdfff0 max_arch_pfn = 0x400000000
[    0.000000] found SMP MP-table at [mem 0x0009fff0-0x0009ffff]
[    0.000000] Scanning 1 areas for low memory corruption
[    0.000000] RAMDISK: [mem 0x35a67000-0x36d2afff]
[    0.000000] ACPI: Early table checksum verification disabled
[    0.000000] ACPI: RSDP 0x00000000000E0000 000024 (v02 VBOX  )
[    0.000000] ACPI: XSDT 0x00000000DFFF0030 00003C (v01 VBOX   VBOXXSDT 00000001 ASL  00000061)
[    0.000000] ACPI: FACP 0x00000000DFFF00F0 0000F4 (v04 VBOX   VBOXFACP 00000001 ASL  00000061)
[    0.000000] ACPI: DSDT 0x00000000DFFF0470 0021FF (v02 VBOX   VBOXBIOS 00000002 INTL 20180105)
[    0.000000] ACPI: FACS 0x00000000DFFF0200 000040
[    0.000000] ACPI: FACS 0x00000000DFFF0200 000040
[    0.000000] ACPI: APIC 0x00000000DFFF0240 00005C (v02 VBOX   VBOXAPIC 00000001 ASL  00000061)
[    0.000000] ACPI: SSDT 0x00000000DFFF02A0 0001CC (v01 VBOX   VBOXCPUT 00000002 INTL 20180105)
[    0.000000] No NUMA configuration found
[    0.000000] Faking a node at [mem 0x0000000000000000-0x000000011fffffff]
[    0.000000] NODE_DATA(0) allocated [mem 0x11ffd1000-0x11fffbfff]
[    0.000000] kvm-clock: cpu 0, msr 1:1ff50001, primary cpu clock
[    0.000000] kvm-clock: Using msrs 4b564d01 and 4b564d00
[    0.000000] kvm-clock: using sched offset of 5146594298 cycles
[    0.000000] clocksource: kvm-clock: mask: 0xffffffffffffffff max_cycles: 0x1cd42e4dffb, max_idle_ns: 881590591483 ns
[    0.000000] Zone ranges:
[    0.000000]   DMA      [mem 0x0000000000001000-0x0000000000ffffff]
[    0.000000]   DMA32    [mem 0x0000000001000000-0x00000000ffffffff]
[    0.000000]   Normal   [mem 0x0000000100000000-0x000000011fffffff]
[    0.000000]   Device   empty
[    0.000000] Movable zone start for each node
[    0.000000] Early memory node ranges
[    0.000000]   node   0: [mem 0x0000000000001000-0x000000000009efff]
[    0.000000]   node   0: [mem 0x0000000000100000-0x00000000dffeffff]
[    0.000000]   node   0: [mem 0x0000000100000000-0x000000011fffffff]
[    0.000000] Reserved but unavailable: 98 pages
[    0.000000] Initmem setup node 0 [mem 0x0000000000001000-0x000000011fffffff]
[    0.000000] ACPI: PM-Timer IO Port: 0x4008
[    0.000000] IOAPIC[0]: apic_id 2, version 32, address 0xfec00000, GSI 0-23
[  0.000000] ACPI: INT_SRC_OVR (bus 0 bus_irq 0 global_irq 2 dfl dfl)
[    0.000000] ACPI: INT_SRC_OVR (bus 0 bus_irq 9 global_irq 9 low level)
[    0.000000] Using ACPI (MADT) for SMP configuration information
[    0.000000] smpboot: Allowing 2 CPUs, 0 hotplug CPUs
[    0.000000] PM: Registered nosave memory: [mem 0x00000000-0x00000fff]
[    0.000000] PM: Registered nosave memory: [mem 0x0009f000-0x0009ffff]
[    0.000000] PM: Registered nosave memory: [mem 0x000a0000-0x000effff]
[    0.000000] PM: Registered nosave memory: [mem 0x000f0000-0x000fffff]
[    0.000000] PM: Registered nosave memory: [mem 0xdfff0000-0xdfffffff]
[    0.000000] PM: Registered nosave memory: [mem 0xe0000000-0xfebfffff]
[    0.000000] PM: Registered nosave memory: [mem 0xfec00000-0xfec00fff]
[    0.000000] PM: Registered nosave memory: [mem 0xfec01000-0xfedfffff]
[    0.000000] PM: Registered nosave memory: [mem 0xfee00000-0xfee00fff]
[    0.000000] PM: Registered nosave memory: [mem 0xfee01000-0xfffbffff]
[    0.000000] PM: Registered nosave memory: [mem 0xfffc0000-0xffffffff]
    0.000000] e820: [mem xe0000000-0xfebfffff] available for PCI devices
[    0.000000] Booting paravirtualized kernel on KVM
[    0.000000] clocksource: refined-jiffies: mask: 0xffffffff max_cycles: 0xffffffff, max_idle_ns: 7645519600211568 ns
[    0.000000] random: get_random_bytes called from start_kernel+0x99/0x500 with crng_init=0
[    0.000000] setup_percpu: NR_CPUS:8192 nr_cpumask_bits:2 nr_cpu_ids:2 nr_node_ids:1
[    0.000000] percpu: Embedded 45 pages/cpu s147456 r8192 d28672 u1048576
[    0.000000] PV qspinlock hash table entries: 256 (order: 0, 4096 bytes)
[    0.000000] Built 1 zonelists, mobility grouping on.  Total pages: 1032057
[    0.000000] Policy zone: Normal
[    0.000000] Kernel command line: BOOT_IMAGE=/boot/vmlinuz-4.15.0-124-generic root=LABEL=cloudimg-rootfs ro console=tty1 console=ttyS0
[    0.000000] Memory: 4013640K/4193848K available (12300K kernel code, 2482K rwdata, 4272K rodata, 2436K init, 2724K bss, 180208K reserved, 0K cma-reserved)
[    0.000000] SLUB: HWalign=64, Order=0-3, MinObjects=0, CPUs=2, Nodes=1
[    0.000000] Kernel/User page tables isolation: enabled
[    0.000000] ftrace: allocating 39402 entries in 154 pages
[    0.004000] Hierarchical RCU implementation.
[    0.004000] 	RCU restricting CPUs from NR_CPUS=8192 to nr_cpu_ids=2.
[    0.004000] 	Tasks RCU enabled.
[    0.004000] RCU: Adjusting geometry for rcu_fanout_leaf=16, nr_cpu_ids=2
[    0.004000] NR_IRQS: 524544, nr_irqs: 440, preallocated irqs: 16
[    0.004000] Console: colour VGA+ 80x25
[    0.004000] console [tty1] enabled
[    0.004000] console [ttyS0] enabled
[    0.004000] ACPI: Core revision 20170831
[    0.004000] ACPI: 2 ACPI AML tables successfully acquired and loaded
[    0.004000] APIC: Switch to symmetric I/O mode setup
[    0.004000] x2apic enabled
    0.004000] Switched APIC routing to physical x2apic.
[    0.005156] ..TIMER: vector=0x30 apic1=0 pin1=2 apic2=-1 pin2=-1
[    0.008007] tsc: Detected 2592.000 MHz processor
[    0.009053] Calibrating delay loop (skipped) preset value.. 5184.00 BogoMIPS (lpj=10368000)
[    0.012006] pid_max: default: 32768 minimum: 301
[    0.012712] Security Framework initialized
[    0.013302] Yama: becoming mindful.
[    0.016045] AppArmor: AppArmor initialized
[    0.018685] Dentry cache hash table entries: 524288 (order: 10, 4194304 bytes)
[    0.020736] Inode-cache hash table entries: 262144 (order: 9, 2097152 bytes)
[    0.024047] Mount-cache hash table entries: 8192 (order: 4, 65536 bytes)
[    0.028020] Mountpoint-cache hash table entries: 8192 (order: 4, 65536 bytes)
[    0.032342] Last level iTLB entries: 4KB 64, 2MB 8, 4MB 8
[    0.036003] Last level dTLB entries: 4KB 64, 2MB 0, 4MB 0, 1GB 4
[    0.037123] Spectre V1 : Mitigation: usercopy/swapgs barriers and __user pointer sanitization
[    0.038760] Spectre V2 : Mitigation: Full generic retpoline
[    0.040005] Spectre V2 : Spectre v2 / SpectreRSB mitigation: Filling RSB on context switch
[    0.044003] Speculative Store Bypass: Vulnerable
[    0.044815] SRBDS: Unknown: Dependent on hypervisor status
[    0.048006] MDS: Vulnerable: Clear CPU buffers attempted, no microcode
[    0.049198] Freeing SMP alternatives memory: 36K
[    0.160289] smpboot: CPU0: Intel(R) Core(TM) i7-6500U CPU @ 2.50GHz (family: 0x6, model: 0x4e, stepping: 0x3)
[    0.164095] Performance Events: unsupported p6 CPU model 78 no PMU driver, software events only.
[    0.165581] Hierarchical SRCU implementation.
[    0.168603] NMI watchdog: Perf event create on CPU 0 failed with -2
[    0.169659] NMI watchdog: Perf NMI watchdog permanently disabled
[    0.170667] smp: Bringing up secondary CPUs ...
[    0.172651] x86: Booting SMP configuration:
[    0.176006] .... node  #0, CPUs:      #1
[    0.004000] kvm-clock: cpu 1, msr 1:1ff50041, secondary cpu clock
[    0.235338] smp: Brought up 1 node, 2 CPUs
[    0.236008] smpboot: Max logical packages: 1
[    0.236853] smpboot: Total of 2 processors activated (10368.00 BogoMIPS)
[    0.238404] devtmpfs: initialized
[    0.240072] x86/mm: Memory block size: 128MB
[    0.241387] evm: security.selinux
[    0.244007] evm: security.SMACK64
[    0.248006] evm: security.SMACK64EXEC
[    0.252002] evm: security.SMACK64TRANSMUTE
[    0.256008] evm: security.SMACK64MMAP
[    0.260007] evm: security.apparmor
[    0.260761] evm: security.ima
[    0.264004] evm: security.capability
[    0.264796] clocksource: jiffies: mask: 0xffffffff max_cycles: 0xffffffff, max_idle_ns: 7645041785100000 ns
[    0.265798] futex hash table entries: 512 (order: 3, 32768 bytes)
[    0.268067] pinctrl core: initialized pinctrl subsystem
[    0.269197] RTC time: 15:46:40, date: 12/29/20
[    0.270232] NET: Registered protocol family 16
[    0.272103] audit: initializing netlink subsys (disabled)
[    0.276060] audit: type=2000 audit(1609256806.446:1): state=initialized audit_enabled=0 res=1
[    0.284011] cpuidle: using governor ladder
[    0.288015] cpuidle: using governor menu
[    0.288838] ACPI: bus type PCI registered
[    0.292006] acpiphp: ACPI Hot Plug PCI Controller Driver version: 0.5
[    0.300045] PCI: Using configuration type 1 for base access
[    0.305005] HugeTLB registered 2.00 MiB page size, pre-allocated 0 pages
[    0.308078] ACPI: Added _OSI(Module Device)
[    0.308814] ACPI: Added _OSI(Processor Device)
[    0.309566] ACPI: Added _OSI(3.0 _SCP Extensions)
[    0.310358] ACPI: Added _OSI(Processor Aggregator Device)
[    0.312005] ACPI: Added _OSI(Linux-Dell-Video)
[    0.316022] ACPI: Added _OSI(Linux-Lenovo-NV-HDMI-Audio)
[    0.317034] ACPI: Added _OSI(Linux-HPI-Hybrid-Graphics)
[    0.318363] ACPI: Executed 1 blocks of module-level executable AML code
[    0.325288] ACPI: Interpreter enabled
[    0.328023] ACPI: (supports S0 S5)
[    0.332005] ACPI: Using IOAPIC for interrupt routing
[    0.336382] PCI: Using host bridge windows from ACPI; if necessary, use "pci=nocrs" and report a bug
[    0.340244] ACPI: Enabled 2 GPEs in block 00 to 07
[    0.347833] ACPI: PCI Root Bridge [PCI0] (domain 0000 [bus 00-ff])
[    0.348022] acpi PNP0A03:00: _OSC: OS supports [ASPM ClockPM Segments MSI]
[    0.349276] acpi PNP0A03:00: _OSC: not requesting OS control; OS requires [ExtendedConfig ASPM ClockPM MSI]
[    0.352029] acpi PNP0A03:00: fail to add MMCONFIG information, can't access extended PCI configuration space under this bridge.
[    0.360417] PCI host bridge to bus 0000:00
[    0.361329] pci_bus 0000:00: root bus resource [io  0x0000-0x0cf7 window]
[    0.364024] pci_bus 0000:00: root bus resource [io  0x0d00-0xffff window]
[    0.368014] pci_bus 0000:00: root bus resource [mem 0x000a0000-0x000bffff window]
[    0.369446] pci_bus 0000:00: root bus resource [mem 0xe0000000-0xfdffffff window]
[    0.372011] pci_bus 0000:00: root bus resource [bus 00-ff]
[    0.381505] pci 0000:00:01.1: legacy IDE quirk: reg 0x10: [io  0x01f0-0x01f7]
[    0.382517] pci 0000:00:01.1: legacy IDE quirk: reg 0x14: [io  0x03f6]
[    0.383561] pci 0000:00:01.1: legacy IDE quirk: reg 0x18: [io  0x0170-0x0177]
[    0.384009] pci 0000:00:01.1: legacy IDE quirk: reg 0x1c: [io  0x0376]
[    0.452918] pci 0000:00:07.0: quirk: [io  0x4000-0x403f] claimed by PIIX4 ACPI
[    0.454143] pci 0000:00:07.0: quirk: [io  0x4100-0x410f] claimed by PIIX4 SMB
[    0.497720] ACPI: PCI Interrupt Link [LNKA] (IRQs 5 9 10 *11)
[    0.500306] ACPI: PCI Interrupt Link [LNKB] (IRQs 5 9 *10 11)
[    0.504193] ACPI: PCI Interrupt Link [LNKC] (IRQs 5 *9 10 11)
[    0.508107] ACPI: PCI Interrupt Link [LNKD] (IRQs 5 9 10 *11)
[    0.509487] SCSI subsystem initialized
[    0.510249] pci 0000:00:02.0: vgaarb: setting as boot VGA device
[    0.510284] pci 0000:00:02.0: vgaarb: VGA device added: decodes=io+mem,owns=io+mem,locks=none
[    0.512007] pci 0000:00:02.0: vgaarb: bridge control possible
[    0.513148] vgaarb: loaded
[    0.516052] ACPI: bus type USB registered
[    0.516906] usbcore: registered new interface driver usbfs
[    0.520034] usbcore: registered new interface driver hub
[    0.524032] usbcore: registered new device driver usb
[    0.525161] EDAC MC: Ver: 3.0.0
[    0.525161] PCI: Using ACPI for IRQ routing
[    0.528290] NetLabel: Initializing
[    0.532003] NetLabel:  domain hash size = 128
[    0.532727] NetLabel:  protocols = UNLABELED CIPSOv4 CALIPSO
[    0.536027] NetLabel:  unlabeled traffic allowed by default
[    0.540079] clocksource: Switched to clocksource kvm-clock
[    0.551864] VFS: Disk quotas dquot_6.6.0
[    0.552642] VFS: Dquot-cache hash table entries: 512 (order 0, 4096 bytes)
[    0.559141] AppArmorAppArmor Filesystem Enabled
[    0.606253] pnp: PnP ACPI it
[    0.654084] pnp: PnP ACPI: found 3 devices

[  0636] clocksource: acpi_pm: mask: 0xffffff max_cycles: 0xffffff, max_idle_ns: 2085701024 ns
[   8088NE Ristered procl amily 2
[    1.171298] TCP established hash table entries: 32768 (order: 6, 262144 bytes)
[    1.172822] TCP bind hash table entries: 32768 (order: 7, 524288 bytes)
[    1.177352] TCP: Hash tables configured (established 32768 bind 32768)
[    1.180234] UDP hash table entries: 2048 (order: 4, 65536 bytes)
[    1.181697] UDP-Lite hash table entries: 2048 (order: 4, 65536 bytes)
[    1.182963] NET: Registered protocol family 1
[    1.183814] pci 0000:00:00.0: Limiting direct PCI/PCI transfers
[    1.184951] pci 0000:00:01.0: Activating ISA DMA hang workarounds
[    1.186148] pci 0000:00:02.0: Video device with show R a[me 0x000c0000-0x00dffff]
[    1.444798] Unpacking initramfs...
[    1.714514] Freeing initrd memory: 19216K
[    1.716834] PCI-DMA: Using software bounce buffering for IO (SWIOTLB)
[    1.725593] software IO TLB: mapped [mem 0xdbff0000-0xdfff0000] (64MB)
[    1.726675] clocksource: tsc: mask: 0xffffffffffffffff max_cycles: 0x255cb6cc5db, max_idle_ns: 440795203504 ns
[    1.728122] platform rtc_cmos: registered platform RTC device (no PNP device found)
[    1.734319] Scanning for low memory corruption every 60 seconds
[    1.746857] Initialise system trusted keyrings
[    1.747788] Key type blacklist registered
[    1.752682] workingset: timestamp_bits=36 max_order=20 bucket_order=0
[    1.762020] zbud: loaded
[    1.763082] squashfs: version 4.0 (2009/01/31) Phillip Lougher
[    1.769569] fuse init (API version 7.26)
[    1.777542] Key type asymmetric registered
[    1.779323] Asymmetric key parser 'x509' registered
[    1.788707] Block layer SCSI generic (bsg) driver version 0.4 loaded (major 246)
[    1.793094] io scheduler noop registered
[    1.793780] io scheduler deadline registered
[    1.794530] io scheduler cfq registered (default)
[    1.795583] ACPI: AC Adapter [AC] (on-line)
[    1.804578] input: Power Button as /devices/LNXSYSTM:00/LNXPWRBN:00/input/input0
[    1.816744] ACPI: Power Button [PWRF]
[    1.817602] input: Sleep Button as /devices/LNXSYSTM:00/LNXSLPBN:00/input/input1
[    1.824230] ACPI: Sleep Button [SLPF]
[    1.826051] ACPI: Battery Slot [BAT0] (battery present)
[    1.827205] Serial: 8250/16550 driver, 32 ports, IRQ sharing enabled
[    1.850340] 00:02: ttyS0 at I/O 0x3f8 (irq = 4, base_baud = 115200) is a 16550A
[    1.863554] Linux agpgart interface v0.103
[    1.871466] loop: module loaded
[    1.872945] scsi host0: ata_piix
[    1.896474] scsi host1: ata_piix
[    1.897032] ata1: PATA max UDMA/33 cmd 0x1f0 ctl 0x3f6 bmdma 0xd000 irq 14
[    1.908665] ata2: PATA max UDMA/33 cmd 0x170 ctl 0x376 bmdma 0xd008 irq 15
[    1.915417] libphy: Fixed MDIO Bus: probed
[    1.929857] tun: Universal TUN/TAP device driver, 1.6
[    1.941375] PPP generic driver version 2.4.2
[    1.942149] ehci_hcd: USB 2.0 'Enhanced' Host Controller (EHCI) Driver
[    1.948504] ehci-pci: EHCI PCI platform driver
[    1.949277] ehci-platform: EHCI generic platform driver
[    1.952471] ohci_hcd: USB 1.1 'Open' Host Controller (OHCI) Driver
[    1.961803] ohci-pci: OHCI PCI platform driver
[    1.962491] ohci-platform: OHCI generic platform driver
[    1.963227] uhci_hcd: USB Universal Host Controller Interface driver
[    1.969814] i8042: PNP: PS/2 Controller [PNP0303:PS2K,PNP0f03:PS2M] at 0x60,0x64 irq 1,12
[    1.972158] serio: i8042 KBD port at 0x60,0x64 irq 1
[    1.973170] serio: i8042 AUX port at 0x60,0x64 irq 12
[    1.974257] mousedev: PS/2 mouse device common for all mice
[    1.981240] input: AT Translated Set 2 keyboard as /devices/platform/i8042/serio0/input/input2
[    1.988231] rtc_cmos rtc_cmos: rtc core: registered rtc_cmos as rtc0
[    2.017291] rtc_cmos rtc_cmos: alarms up to one day, 114 bytes nvram
[    2.047127] i2c /dev entries driver
[    2.047936] device-mapper: uevent: version 1.0.3
[    2.049029] device-mapper: ioctl: 4.37.0-ioctl (2017-09-20) initialised: dm-devel@redhat.com
[    2.050709] ledtrig-cpu: registered to indicate activity on CPUs
[    2.088061] NET: Registered protocol family 10
[    2.098857] Segment Routing with IPv6
[    2.116922] NET: Registered protocol family 17
[    2.117679] Key type dns_resolver registered
[    2.142530] mce: Using 0 MCE banks
[    2.176783] RAS: Correctable Errors collector initialized.
[    2.177569] sched_clock: Marking stable (2176740652, 0)->(3576250911, -1399510259)
[    2.197473] registered taskstats version 1
[    2.198112] Loading compiled-in X.509 certificates
[    2.200895] Loaded X.509 cert 'Build time autogenerated kernel key: be62403dcace2d46f96dafa9f42421c610ef3c2a'
[    2.265293] zswap: loaded using pool lzo/zbud
[    2.269590] Key type big_key registered
[    2.287482] Key type trusted registered
[    2.289852] Key type encrypted registered
[    2.290571] AppArmor: AppArmor sha1 policy hashing enabled
[    2.291673] ima: No TPM chip found, activating TPM-bypass! (rc=-19)
[    2.292875] ima: Allocated hash algorithm: sha1
[    2.293795] evm: HMAC attrs: 0x1
[    2.294746]   Magic number: 0:46:792
[    2.295594] rtc_cmos rtc_cmos: setting system clock to 2020-12-29 15:46:42 UTC (1609256802)
[    2.314978] BIOS EDD facility v0.16 2004-Jun-25, 0 devices found
[    2.315847] EDD information not available.
[    2.319070] Freeing unused kernel image memory: 2436K
[    2.336079] Write protecting the kernel read-only data: 20480k
[    2.368324] Freeing unused kernel image memory: 2008K
[    2.369733] Freeing unused kernel image memory: 1872K
[    2.384520] x86/mm: Checked W+X mappings: passed, no W+X pages found.
[    2.385941] x86/mm: Checking user space page tables
[    2.392417] x86/mm: Checked W+X mappings: passed, no W+X pages found.
Loading, please wait...
starting version 237
[    2.502372] Fusion MPT base driver 3.04.20
[    2.548651] Copyright (c) 1999-2008 LSI Corporation
[    2.591830] e1000: Intel(R) PRO/1000 Network Driver - version 7.3.21-k8-NAPI
[    2.696957] e1000: Copyright (c) 1999-2006 Intel Corporation.
[    2.847951] input: ImExPS/2 Generic Explorer Mouse as /devices/platform/i8042/serio1/input/input4
[    2.871520] AVX2 version of gcm_enc/dec engaged.
[    2.966447] AES CTR mode by8 optimization enabled
[    3.078262] Fusion MPT SPI Host driver 3.04.20
[    3.443932] e1000 0000:00:03.0 eth0: (PCI:33MHz:32-bit) 02:60:71:1d:34:36
[    3.445423] e1000 0000:00:03.0 eth0: Intel(R) PRO/1000 Network Connection
[    3.447988] mptbase: ioc0: Initiating bringup
[    3.544311] ioc0: LSI53C1030 A0: Capabilities={Initiator}
[    3.806701] scsi host2: ioc0: LSI53C1030 A0, FwRev=00000000h, Ports=1, MaxQ=256, IRQ=20
[    3.997938] scsi 2:0:0:0: Direct-Access     VBOX     HARDDISK         1.0  PQ: 0 ANSI: 5
[    4.334752] scsi target2:0:0: Beginning Domain Validation
[    4.349387] scsi target2:0:0: Domain Validation skipping write tests
[    4.350698] scsi target2:0:0: Ending Domain Validation
[    4.351803] scsi target2:0:0: asynchronous
[    4.353134] scsi 2:0:1:0: Direct-Access     VBOX     HARDDISK         1.0  PQ: 0 ANSI: 5
[    4.364806] e1000 0000:00:08.0 eth1: (PCI:33MHz:32-bit) 08:00:27:b3:83:5c
[    4.366002] e1000 0000:00:08.0 eth1: Intel(R) PRO/1000 Network Connection
[    4.368285] e1000 0000:00:03.0 enp0s3: renamed from eth0
[    4.412813] e1000 0000:00:08.0 enp0s8: renamed from eth1
[    4.420084] scsi target2:0:1: Beginning Domain Validation
[    4.537188] random: fast init done
[    4.570957] scsi target2:0:1: Domain Validation skipping write tests
[    4.643510] scsi target2:0:1: Ending Domain Validation
[    4.653037] random: systemd-udevd: uninitialized urandom read (16 bytes read)
[    4.653176] random: systemd-udevd: uninitialized urandom read (16 bytes read)
[    4.655615] random: systemd-udevd: uninitialized urandom read (16 bytes read)
[    4.659638] scsi target2:0:1: asynchronous
[    4.671247] sd 2:0:0:0: [sda] 20971520 512-byte logical blocks: (10.7 GB/10.0 GiB)
[    4.688107] sd 2:0:0:0: Attached scsi generic sg0 type 0
[    4.688230] sd 2:0:0:0: [sda] Write Protect is off
[    4.713964] sd 2:0:1:0: [sdb] 20480 512-byte logical blocks: (10.5 MB/10.0 MiB)
[    4.714047] sd 2:0:0:0: [sda] Incomplete mode parameter data
[    4.796762] sd 2:0:1:0: Attached scsi generic sg1 type 0
[    4.809193] sd 2:0:0:0: [sda] Assuming drive cache: write through
[    4.810251] sd 2:0:1:0: [sdb] Write Protect is off
[    4.827125] sd 2:0:1:0: [sdb] Incomplete mode parameter data
[    4.828014] sd 2:0:1:0: [sdb] Assuming drive cache: write through
[    4.829782]  sda: sda1
[    4.830725] sd 2:0:0:0: [sda] Attached SCSI disk
[    5.049198] sd 2:0:1:0: [sdb] Attached SCSI disk
Begin: Loading essential drivers ... [    7.260018] raid6: sse2x1   gen()  9635 MB/s
[    7.312030] raid6: sse2x1   xor()  7197 MB/s
[    7.364038] raid6: sse2x2   gen() 12241 MB/s
[    7.412010] raid6: sse2x2   xor()  8426 MB/s
[    7.476028] raid6: sse2x4   gen() 14188 MB/s
[    7.524087] raid6: sse2x4   xor()  8720 MB/s
[    7.572052] raid6: avx2x1   gen() 19919 MB/s
[    7.620058] raid6: avx2x1   xor() 14233 MB/s
[    7.676026] raid6: avx2x2   gen() 24812 MB/s
[    7.728023] raid6: avx2x2   xor() 15225 MB/s
[    7.776023] raid6: avx2x4   gen() 28018 MB/s
[    7.848021] raid6: avx2x4   xor() 16763 MB/s
[    7.866021] raid6: using algorithm avx2x4 gen() 28018 MB/s
[    7.866894] raid6: .... xor() 16763 MB/s, rmw enabled
[    7.878327] raid6: using avx2x2 recovery algorithm
[    7.880490] xor: automatically using best checksumming function   avx       
[    7.883069] async_tx: api initialized (async)
done.
Begin: Running /scripts/init-p[    7.940632] Btrfs loaded, crc32c=crc32c-intel
remount ... done.
Begin: Mounting root file system ... Begin: Running /scripts/local-top ... done.
Begin: Running /scripts/local-premount ... Scanning for Btrfs filesystems
done.
Warning: fsck not present, so skipping root file system
[    8.063049] EXT4-fs (sda1): mounted filesystem with ordered data mode. Opts: (null)
done.
Begin: Running /scripts/local-bottom ... done.
Begin: Running /scripts/init-bottom ... done.
[    9.934434] ip_tables: (C) 2000-2006 Netfilter Core Team
[   10.008071] random: crng init done
[   10.049295] random: 7 urandom warning(s) missed due to ratelimiting
[   10.112853] systemd[1]: systemd 237 running in system mode. (+PAM +AUDIT +SELINUX +IMA +APPARMOR +SMACK +SYSVINIT +UTMP +LIBCRYPTSETUP +GCRYPT +GNUTLS +ACL +XZ +LZ4 +SECCOMP +BLKID +ELFUTILS +KMOD -IDN2 +IDN -PCRE2 default-hierarchy=hybrid)
[   10.287184] systemd[1]: Detected virtualization oracle.
[   10.349688] systemd[1]: Detected architecture x86-64.

Welcome to [1mUbuntu 18.04.5 LTS[0m!

[   10.413831] systemd[1]: Set hostname to <ubuntu>.
[   10.532744] systemd[1]: Initializing machine ID from random generator.
[   10.557019] systemd[1]: Installed transient /etc/machine-id file.
[   11.670295] systemd[1]: Reached target User and Group Name Lookups.
[[0;32m  OK  [0m] Reached target User and Group Name Lookups.
[   11.843611] systemd[1]: Started Forward Password Requests to Wall Directory Watch.
[[0;32m  OK  [0m] Started Forward Password Requests to Wall Directory Watch.
[   11.846756] systemd[1]: Reached target Swap.
[[0;32m  OK  [0m] Reached target Swap.
[   11.851498] systemd[1]: Created slice User and Session Slice.
[[0;32m  OK  [0m] Created slice User and Session Slice.
[[0;32m  OK  [0m] Reached target System Time Synchronized.
[[0;32m  OK  [0m] Created slice System Slice.
[[0;32m  OK  [0m] Listening on udev Kernel Socket.
[[0;32m  OK  [0m] Listening on Syslog Socket.
[[0;32m  OK  [0m] Listening on LVM2 poll daemon socket.
[[0;32m  OK  [0m] Reached target Slices.
[[0;32m  OK  [0m] Listening on udev Control Socket.
[[0;32m  OK  [0m] Created slice system-serial\x2dgetty.slice.
[[0;32m  OK  [0m] Listening on /dev/initctl Compatibility Named Pipe.
[[0;32m  OK  [0m] Listening on Network Service Netlink Socket.
[[0;32m  OK  [0m] Listening on Device-mapper event daemon FIFOs.
[[0;32m  OK  [0m] Listening on Journal Socket (/dev/log).
[[0;32m  OK  [0m] Listening on Journal Socket.
         Starting udev Coldplug all Devices...
         Starting Load Kernel Modules...
         Starting Remount Root and Kernel File Systems...
         Starting Uncomplicated firewall...
         Mounting POSIX Message Queue File System...
         Mounting Huge Pages File System...
[[0;32m  OK  [0m] Listening on Journal Audit Socket.
         Starting Journal Service...
[[0;32m  OK  [0m] Set up automount Arbitrary Executab…rmats File System Automount Point.
         Starting Create list of required st…ce nodes for the current kernel...
[   12.016731] Loading iSCSI transport class v2.0-870.
         Starting Set the console keyboard layout...
[[0;32m  OK  [0m] Listening on LVM2 metadata daemon socket.
         Starting Monitoring of LVM2 mirrors…ng dmeventd or progress polling...
         Mounting Kernel Debug File System...
[[0;32m  OK  [0m] Started Journal [   12.098959] iscsi: registered transport (tcp)
Service.
[[0;32m  OK  [0[   12.126111] EXT4-fs (sda1): re-mounted. Opts: (null)
m] Started Uncomplicated firewall.
[[0;32m  OK  [0m] Started Remount Root and Kernel File Systems.
[[0;32m  OK  [0m] Mounted POSIX Message Queue File System.
[[0;32m  OK  [0m] Mounted Huge Pages File System.
[[0;32m  OK  [0m] Started Create list of required sta…vice nodes for the current kernel.
[[0;32m  OK  [0m] Mounted Kernel Debug File System.
[[0;32m  OK  [0m] Started udev Coldplug all Devices.
         Starting Create Static Device Nodes in /dev...
[   12.245487] iscsi: registered transport (iser)
         Starting Load/Save Random Seed...
         Starting Flush Journal to Persistent Storage...
[[0;32m  OK  [0m] Started Load Kernel Modules.
         Mounting FUSE Control File System...
         Starting Apply Kernel Variables...
         Mounting Kernel Configuration File System...
[[0;32m  OK  [0m] Mounted FUSE Control File System.
[[0;32m  OK  [0m] Started Load/Save Random Seed.
[[0;32m  OK  [0m] Mounted Kernel Configuration File System.
[   12.463804] systemd-journald[412]: Received request to flush runtime journal from PID 1
[[0;32m  OK  [0m] Started Create Static Device Nodes in /dev.
[[0;32m  OK  [0m] Started LVM2 metadata daemon.
         Starting udev Kernel Device Manager...
[[0;32m  OK  [0m] Started Apply Kernel Variables.
[[0;32m  OK  [0m] Started Flush Journal to Persistent Storage.
[[0;32m  OK  [0m] Started Monitoring of LVM2 mirrors,…sing dmeventd or progress polling.
[[0;32m  OK  [0m] Started udev Kernel Device Manager.
[[0;32m  OK  [0m] Found device /dev/ttyS0.
[[0;32m  OK  [0m] Listening on Load/Save RF Kill Switch Status /dev/rfkill Watch.
[[0;32m  OK  [0m] Started Set the console keyboard layout.
[[0;32m  OK  [0m] Reached target Local File Systems (Pre).
[[0;32m  OK  [0m] Reached target Local File Systems.
         Starting AppArmor initialization...
         Starting Create Volatile Files and Directories...
         Starting Tell Plymouth To Write Out Runtime Data...
         Starting ebtables ruleset management...
         Starting Set console font and keymap...
         Starting Commit a transient machine-id on disk...
[[0;32m  OK  [0m] Started Dispatch Password Requests to Console Directory Watch.
[[0;32m  OK  [0m] Reached target Local Encrypted Volumes.
[[0;32m  OK  [0m] Started Create Volatile Files and Directories.
         Starting Update UTMP about System Boot/Shutdown...
[[0;32m  OK  [0m] Started Tell Plymouth To Write Out Runtime Data.
[[0;32m  OK  [0m] Started Set console font and keymap.
[[0;32m  OK  [0m] Started Update UTMP about System Boot/Shutdown.
[[0;32m  OK  [0m] Started Commit a transient machine-id on disk.
[[0;32m  OK  [0m] Started ebtables ruleset management.
[[0;32m  OK  [0m] Started AppArmor initialization.
         Starting Initial cloud-init job (pre-networking)...
         Starting Load AppArmor profiles managed internally by snapd...
[[0;32m  OK  [0m] Started Load AppArmor profiles managed internally by snapd.
[   21.666072] cloud-init[598]: Cloud-init v. 20.3-2-g371b392c-0ubuntu1~18.04.1 running 'init-local' at Tue, 29 Dec 2020 15:47:01 +0000. Up 20.95 seconds.
[[0;32m  OK  [0m] Started Initial cloud-init job (pre-networking).
[[0;32m  OK  [0m] Reached target Network (Pre).
         Starting Network Service...
[[0;32m  OK  [0m] Started Network Service.
         Starting Network Name Resolution...
         Starting Wait for Network to be Configured...
[[0;32m  OK  [0m] Started Network Name Resolution.
[[0;32m  OK  [0m] Reached target Network.
[[0;32m  OK  [0m] Reached target Host and Network Name Lookups.
[[0;32m  OK  [0m] Started Wait for Network to be Configured.
         Starting Initial cloud-init job (metadata service crawler)...
[   23.661550] cloud-init[745]: Cloud-init v. 20.3-2-g371b392c-0ubuntu1~18.04.1 running 'init' at Tue, 29 Dec 2020 15:47:03 +0000. Up 23.51 seconds.
[   23.681317] cloud-init[745]: ci-info: ++++++++++++++++++++++++++++++++++++++Net device info+++++++++++++++++++++++++++++++++++++++
[   23.685084] cloud-init[745]: ci-info: +--------+-------+----------------------------+---------------+--------+-------------------+
[   23.690992] cloud-init[745]: ci-info: | Device |   Up  |          Address           |      Mask     | Scope  |     Hw-Address    |
[   23.699827] cloud-init[745]: ci-info: +--------+-------+----------------------------+---------------+--------+-------------------+
[   23.725485] cloud-init[745]: ci-info: | enp0s3 |  True |         10.0.2.15          | 255.255.255.0 | global | 02:60:71:1d:34:36 |
[   23.727810] cloud-init[745]: ci-info: | enp0s3 |  True | fe80::60:71ff:fe1d:3436/64 |       .       |  link  | 02:60:71:1d:34:36 |
[   23.741031] cloud-init[745]: ci-info: | enp0s8 | False |             .              |       .       |   .    | 08:00:27:b3:83:5c |
[   23.755045] cloud-init[745]: ci-info: |   lo   |  True |         127.0.0.1          |   255.0.0.0   |  host  |         .         |
[   23.778527] cloud-init[745]: ci-info: |   lo   |  True |          ::1/128           |       .       |  host  |         .         |
[   23.780580] cloud-init[745]: ci-info: +--------+-------+----------------------------+---------------+--------+-------------------+
[   23.782529] cloud-init[745]: ci-info: ++++++++++++++++++++++++++++Route IPv4 info+++++++++++++++++++++++++++++
[   23.784037] cloud-init[745]: ci-info: +-------+-------------+----------+-----------------+-----------+-------+
[   23.798644] cloud-init[745]: ci-info: | Route | Destination | Gateway  |     Genmask     | Interface | Flags |
[   23.804336] cloud-init[745]: ci-info: +-------+-------------+----------+-----------------+-----------+-------+
[   23.815312] cloud-init[745]: ci-info: |   0   |   0.0.0.0   | 10.0.2.2 |     0.0.0.0     |   enp0s3  |   UG  |
[   23.837962] cloud-init[745]: ci-info: |   1   |   10.0.2.0  | 0.0.0.0  |  255.255.255.0  |   enp0s3  |   U   |
[   23.852707] cloud-init[745]: ci-info: |   2   |   10.0.2.2  | 0.0.0.0  | 255.255.255.255 |   enp0s3  |   UH  |
[   23.880145] cloud-init[745]: ci-info: +-------+-------------+----------+-----------------+-----------+-------+
[   23.943240] cloud-init[745]: ci-info: +++++++++++++++++++Route IPv6 info+++++++++++++++++++
[   23.944888] cloud-init[745]: ci-info: +-------+-------------+---------+-----------+-------+
[   23.946390] cloud-init[745]: ci-info: | Route | Destination | Gateway | Interface | Flags |
[   23.947828] cloud-init[745]: ci-info: +-------+-------------+---------+-----------+-------+
[   23.959004] cloud-init[745]: ci-info: |   1   |  fe80::/64  |    ::   |   enp0s3  |   U   |
[   23.984227] cloud-init[745]: ci-info: |   3   |    local    |    ::   |   enp0s3  |   U   |
[   24.006220] cloud-init[745]: ci-info: |   4   |   ff00::/8  |    ::   |   enp0s3  |   U   |
[   24.020284] cloud-init[745]: ci-info: +-------+-------------+---------+-----------+-------+
[   26.973374] cloud-init[745]: Generating public/private rsa key pair.
[   26.991507] cloud-init[745]: Your identification has been saved in /etc/ssh/ssh_host_rsa_key.
[   26.993681] cloud-init[745]: Your public key has been saved in /etc/ssh/ssh_host_rsa_key.pub.
[   27.008272] cloud-init[745]: The key fingerprint is:
[   27.027350] cloud-init[745]: SHA256:PlxESSRUzmzK2Cu02Enkxtp5zKgBYIp9X1O6PfM2rfU root@ubuntu-bionic
[[0;32m  OK  [0m] Started Initial cloud-init job (metadata service crawler).
[   27.084766] [[0;32m  OK  [0m] Reached target System Initialization.
cloud-init[745]: The key's randomart image is:
         Starting LXD - unix socket.
[   27.153132] cloud-init[745]: +---[RSA 2048]----+
[[0;32m  OK  [0m] Started Discard unused blocks once a week.
[   27.173314] [cloud-init[0;32m  OK  [0m[745]: ] |       .o+=.     |Listening on Open-iSCSI iscsid Socket.

         Starting Socket activation for snappy daemon.
[[0;32m  OK  [0m] Started Daily Cleanup of Temporary Directories.
[   27.315082] [[0;32m  OK  [0m] Started Daily apt download activities.
[[0;32m  OK  [0m] Started Daily apt upgrade and clean activities.
cloud-init[745]: |         *.      |
[[0;32m  OK  [0m] Started Message of the Day.
[   27.518297] [[0;32m  OK  [0m] Reached target Timers.
[[0;32m  OK  [0m] Listening on D-Bus System Message Bus Socket.
cloud-init[745]: |..    .   B      |
[[0;32m  OK  [0m] Started ACPI Events Check.
[   27.548333] [[0;32m  OK  [0m] Reached target Paths.
[[0;32m  OK  [0m] Listening on UUID daemon activation socket.
[[0;32m  OK  [0m] Listening on ACPID Listen Socket.
[[0;32m  OK  [0m] Reached target Network is Online.
cloud-init[745]: |+o   + + *       |
[   27.588465] cloud-init[745]: |o o . B S .      |
         Starting Availability of block devices...
[[0;32m  OK  [0m] Reached target Remote File Systems (Pre).
[[0;32m  OK  [0m] Reached target Remote File Systems.
[[0;32m  OK  [0m] Reached target Cloud-config availability.
[[0;32m  OK  [0m] Listening on LXD - unix socket.
[   27.592901] cloud-init[745]: |   o X @ *       |
[[0;32m  OK  [0m] Listening on Socket activation for snappy daemon.
[   27.603799] cloud-init[745]: |    + X X +  ..  |
[[0;32m  OK  [0m] Started Availability of block devices.
[   27.634627] cloud-init[[0;32m  OK  [0m] Reached target Sockets.
[[0;32m  OK  [0m] Reached target Basic System.
[745]: |     o o . +o... |
[   27.678549] cloud-init[745]: |    .      .oo  E|[[0;32m  OK  [0m] Started Regular background program processing daemon.

[   27.680791]          Starting Accounts Service...
cloud-init[[745]: [0;32m  OK  [0m+----[SHA256]-----+
] Started Deferred execution scheduler.
         Starting LSB: Record successful boot for GRUB...
[   27.720605] cloud-init[745]: Generating public/private dsa key pair.
         Starting Login Service...
[[0;32m  OK  [0m] Started D-Bus System Message Bus.
[   27.736280] cloud-init[745]: Your identification has been saved in /etc/ssh/ssh_host_dsa_key.
[   27.806381] cloud-init[745]: Your public key has been saved in /etc/ssh/ssh_host_dsa_key.pub.
[   27.808181] cloud-init[745]: The key fingerprint is:
[   27.809290] cloud-init[745]: SHA256:9OVVq24eWGHYHoFbJlvuwxCSwLwLXC1213ApvTqJnUE root@ubuntu-bionic
[   27.813544] cloud-init[745]: The key's randomart image is:
[   27.814244] cloud-init[745]: +---[DSA 1024]----+
[   27.814903] cloud-init[745]: |      o.o ..=o. .|
[   27.815522] cloud-init[745]: |       * = E+B...|
[   27.817120] cloud-init[745]: |    . o = +.%=o. |
[   27.823553] cloud-init[745]: |     o o . Bo++  |
[   27.824903] cloud-init[745]: |      . S + X+   |
[   27.836227] cloud-init[745]: |       . . *++   |
[   27.839466] cloud-init[745]: |           ..+.  |
[   27.840278] cloud-init[745]: |            o .  |
[   27.880220] cloud-init[745]: |             .   |
[   27.917162] cloud-init[745]: +----[SHA256]-----+
[   27.952259] cloud-init[745]: Generating public/private ecdsa key pair.
[   28.000760] cloud-init[745]: Your identification has been saved in /etc/ssh/ssh_host_ecdsa_key.
[   28.008544] cloud-init[745]: Your public key has been saved in /etc/ssh/ssh_host_ecdsa_key.pub.
[   28.009926] cloud-init[745]: The key fingerprint is:
[   28.010665] cloud-init[745]: SHA256:m08Fu0IgQNx6DjLkO4esDYx0xZxsU7fPp7lmatYXJUU root@ubuntu-bionic
[   28.048207] cloud-init[745]: The key's randomart image is:
[   28.053648] cloud-init[745]: +---[ECDSA 256]---+
[   28.092222] cloud-init[745]: | oo.+ o. .    .E |
[   28.092998] cloud-init[745]: | ....O  . .    . |
[   28.093689] cloud-init[745]: |o  .+ o  ..   .  |
[   28.094293] cloud-init[745]: |ooo... .  oo . . |
[   28.094895] cloud-init[745]: |=o++    S .o..o  |
[   28.095510] cloud-init[745]: |o* ..  . o o+.   |
[   28.096137] cloud-init[745]: |.oo     + +o  .  |
[   28.108233] cloud-init[745]: |. .      * +..   |
[   28.140253] cloud-init[745]: |        o.=..    |
[   28.161797] cloud-init[745]: +----[SHA256]-----+
[   28.188963] cloud-init[745]: Generating public/private ed25519 key pair.
[   28.208312] cloud-init[745]: Your identification has been saved in /etc/ssh/ssh_host_ed25519_key.
[   28.214169] cloud-init[745]: Your public key has been saved in /etc/ssh/ssh_host_ed25519_key.pub.
[   28.267901] cloud-init[745]: The key fingerprint is:
[   28.276521] cloud-init[745]: SHA256:17LsjaNS9wRcUxTs1rZI0aqroQ654sCIRREy5cSMCXY root@ubuntu-bionic
[   28.279416] cloud-init[745]: The key's randomart image is:
[   28.280738] cloud-init[745]: +--[ED25519 256]--+
[   28.286302] cloud-init[745]: |=B=E         +=. |
[   28.288599] cloud-init[745]: |+=+.        o... |
[   28.291843] cloud-init[745]: |  o      . . oo. |
[   28.294506] cloud-init[745]: | .        o. oo o|
[   28.297179] cloud-init[745]: |  .     S o.+....|
[   28.324248] cloud-init[745]: |+.    . .o.+.. . |
[   28.380524] cloud-init[745]: |oo   o . ooo.    |
[   28.396171] cloud-init[745]: |  ..  + ..o+.    |
[   28.424780] cloud-init[745]: |  .....+.o+..    |
[   28.425979] cloud-init[745]: +----[SHA256]-----+
[[0;32m  OK  [0m] Started Login Service.
         Starting System Logging Service...
[[0;32m  OK  [0m] Started Unattended Upgrades Shutdown.
         Starting LSB: automatic crash report generation...
[[0;32m  OK  [0m] Started FUSE filesystem for LXC.
         Starting Permit User Sessions...
         Starting Pollinate to seed the pseudo random number generator...
[[0;32m  OK  [0m] Started irqbalance daemon.
         Starting LXD - container startup/shutdown...
         Starting Virtualbox guest utils...
         Starting Dispatcher daemon for systemd-networkd...
         Starting Snap Daemon...
[[0;32m  OK  [0m] Started System Logging Service.
[[0;32m  OK  [0m] Started Permit User Sessions.
         Starting Authorization Manager...
         Starting Hold until boot process finishes up...
         Starting Terminate Plymouth Boot Screen...
[[0;32m  OK  [0m] Started Hold until boot process finishes up.
[[0;32m  OK  [0m] Started Terminate Plymouth Boot Screen.
         Starting Set console scheme...
[[0;32m  OK  [0m] Started Serial Getty on ttyS0.
[[0;32m  OK  [0m] Started LSB: automatic crash report generation.
[[0;32m  OK  [0m] Started Set console scheme.
[[0;32m  OK  [0m] Created slice system-getty.slice.
[[0;32m  OK  [0m] Started Getty on tty1.
[[0;32m  OK  [0m] Reached target Login Prompts.
[[0;32m  OK  [0m] Started LSB: Record successful boot for GRUB.
[[0;32m  OK  [0m] Started Authorization Manager.
[[0;32m  OK  [0m] Started Accounts Service.
[[0;32m  OK  [0m] Started Virtualbox guest utils.
[[0;32m  OK  [0m] Started Dispatcher daemon for systemd-networkd.
[[0;32m  OK  [0m] Started LXD - container startup/shutdown.
[[0;32m  OK  [0m] Started Pollinate to seed the pseudo random number generator.
         Starting OpenBSD Secure Shell server...
[[0;32m  OK  [0m] Started OpenBSD Secure Shell server.
[[0;32m  OK  [0m] Started Snap Daemon.
         Starting Wait until snapd is fully seeded...
[[0;32m  OK  [0m] Created slice User Slice of vagrant.
         Starting User Manager for UID 1000...
[[0;32m  OK  [0m] Started Session 1 of user vagrant.
[[0;32m  OK  [0m] Started Wait until snapd is fully seeded.
[[0;32m  OK  [0m] Reached target Multi-User System.
[[0;32m  OK  [0m] Reached target Graphical Interface.
         Starting Update UTMP about System Runlevel Changes...
         Starting Apply the settings specified in cloud-config...
[[0;32m  OK  [0m] Started Update UTMP about System Runlevel Changes.
[[0;32m  OK  [0m] Started User Manager for UID 1000.

Ubuntu 18.04.5 LTS ubuntu-bionic ttyS0

ubuntu-bionic login: [   38.406017] cloud-init[1506]: Cloud-init v. 20.3-2-g371b392c-0ubuntu1~18.04.1 running 'modules:config' at Tue, 29 Dec 2020 15:47:16 +0000. Up 36.19 seconds.
ci-info: no authorized SSH keys fingerprints found for user ubuntu.
<14>Dec 29 15:47:19 ec2: 
<14>Dec 29 15:47:19 ec2: #############################################################
<14>Dec 29 15:47:19 ec2: -----BEGIN SSH HOST KEY FINGERPRINTS-----
<14>Dec 29 15:47:19 ec2: 1024 SHA256:9OVVq24eWGHYHoFbJlvuwxCSwLwLXC1213ApvTqJnUE root@ubuntu-bionic (DSA)
<14>Dec 29 15:47:19 ec2: 256 SHA256:m08Fu0IgQNx6DjLkO4esDYx0xZxsU7fPp7lmatYXJUU root@ubuntu-bionic (ECDSA)
<14>Dec 29 15:47:19 ec2: 256 SHA256:17LsjaNS9wRcUxTs1rZI0aqroQ654sCIRREy5cSMCXY root@ubuntu-bionic (ED25519)
<14>Dec 29 15:47:19 ec2: 2048 SHA256:PlxESSRUzmzK2Cu02Enkxtp5zKgBYIp9X1O6PfM2rfU root@ubuntu-bionic (RSA)
<14>Dec 29 15:47:19 ec2: -----END SSH HOST KEY FINGERPRINTS-----
<14>Dec 29 15:47:19 ec2: #############################################################
-----BEGIN SSH HOST KEY KEYS-----
ecdsa-sha2-nistp256 AAAAE2VjZHNhLXNoYTItbmlzdHAyNTYAAAAIbmlzdHAyNTYAAABBBIekTFZOmoc7NLmd8ynHMcqRiDUZZtZw7hcygz8nWUV4iZ40HXb81SCiT/aQIYOgBYob/Ttdcql6ZdMnQ5cRe0o= root@ubuntu-bionic
ssh-ed25519 AAAAC3NzaC1lZDI1NTE5AAAAIMgvtr+P4+bkzXTAdoIpSHaeQc5FFhpudc7tRKHDtdJn root@ubuntu-bionic
ssh-rsa AAAAB3NzaC1yc2EAAAADAQABAAABAQDXR1cyB7w5mmRKLjvCojLs4fMjkjb04Gu6as+8lgHW6eoY4x/UUMaguVjuisBPyXBnXhKzz6HHF/75xDVrlcrfZCxn5CBJo7NDXGsR1evoGXtjIfI3eKZ2QMkRSxD2i/WADXUeFh/+g1TWX2VQEblsUhRl4Qt/DtYQkMnvoScubccLb4XragiPXXTBr3LEeTyMpkb4giy7pXbnpU0S45Fx0+u9wDnjkja4016BLbPUDPBDiXeXLX/gKEzsJpdC0kgZElvlpzLtDSoHuWQpnYsAQ4RBJXh9Yz3Cjd2T7QpPM7upDyArvobbBAmDyKJIzLN/tRBHTE7ShyGT6zTU6MaD root@ubuntu-bionic
-----END SSH HOST KEY KEYS-----
[   39.190990] cloud-init[1614]: Cloud-init v. 20.3-2-g371b392c-0ubuntu1~18.04.1 running 'modules:final' at Tue, 29 Dec 2020 15:47:19 +0000. Up 38.92 seconds.
[   39.191082] cloud-init[1614]: ci-info: no authorized SSH keys fingerprints found for user ubuntu.
[   39.191131] cloud-init[1614]: Cloud-init v. 20.3-2-g371b392c-0ubuntu1~18.04.1 finished at Tue, 29 Dec 2020 15:47:19 +0000. Datasource DataSourceNoCloud [seed=/dev/sdb][dsmode=net].  Up 39.18 seconds
         Stopping User Manager for UID 1000...
         Stopping Availability of block devices...
[[0;32m  OK  [0m] Stopped target Graphical Interface.
[[0;32m  OK  [0m] Stopped target Cloud-init target.
         Stopping Accounts Service...
         Stopping Authorization Manager...
[[0;32m  OK  [0m] Stopped Execute cloud user/final scripts.
[[0;32m  OK  [0m] Stopped Apply the settings specified in cloud-config.
[[0;32m  OK  [0m] Stopped target Cloud-config availability.
[[0;32m  OK  [0m] Stopped tae[[0;32m  OK  [0m] Stopped Regular background program processing daemon.
[[0;32m  OK  [0m] Unmounted /var/lib/lxcfs.
[[0;32m  OK  [0m] Stopped Accounts Service.
[[0;32m  OK  [0m] Stopped Deferred execution scheduler.
[[0;32m  OK  [0m] Stopped System Logging Service.
[[0;32m  OK  [0m] Stopped Unattended Upgrades Shutdown.
[[0;32m  OK  [0m] Stopped irqbalance daemon.
[[0;32m  OK  [0m] Stopped Dispatcher daemon for systemd-networkd.
[[0;32m  OK  [0m] Stopped Authorization Manager.
[[0;32m  OK  [0m] Stopped Serial Getty on ttyS0.
[[0;32m  OK  [0m] Stopped Getty on tty1.
[[0;32m  OK  [0m] Stopped OpenBSD Secure Shell server.
[[0;32m  OK  [0m] Stopped User Manager for UID 1000.
[[0;32m  OK  [0m] Stopped Availability of block devices.
[[0;32m  OK  [0m] Stopped D-Bus System Message Bus.
[[0;32m  OK  [0m] Stopped FUSE filesystem for LXC.
[[0;32m  OK  [0m] Stopped Session 7 of user vagrant.
[[0;32m  OK  [0m] Stopped LSB: Record successful boot for GRUB.
[[0;32m  OK  [0m] Stopped LXD - container startup/shutdown.
[[0;32m  OK  [0m] Removed slice User Slice of vagrant.
[[0;32m  OK  [0m] Removed slice system-getty.slice.
[[0;32m  OK  [0m] Removed slice system-serial\x2dgetty.slice.
         Stopping Permit User Sessions...
         Stopping Login Service...
[[0;32m  OK  [0m] Stopped LSB: automatic crash report generation.
[[0;32m  OK  [0m] Stopped Permit User Sessions.
[[0;32m  OK  [0m] Stopped target Network.
         Stopping Network Name Resolution...
[[0;32m  OK  [0m] Stopped target Remote File Systems.
[[0;32m  OK  [0m] Stopped target Remote File Systems (Pre).
[[0;32m  OK  [0m] Stopped Network Name Resolution.
         Stopping Network Service...
[[0;32m  OK  [0m] Stopped Login Service.
[[0;32m  OK  [0m] Stopped Virtualbox guest utils.
[[0;32m  OK  [0m] Stopped target User and Group Name Lookups.
[[0;32m  OK  [0m] Stopped target Basic System.
[[0;32m  OK  [0m] Stopped target Sockets.
[[0;32m  OK  [0m] Closed UUID daemon activation socket.
[[0;32m  OK  [0m] Closed Open-iSCSI iscsid Socket.
[[0;32m  OK  [0m] Closed Socket activation for snappy daemon.
[[0;32m  OK  [0m] Closed Syslog Socket.
[[0;32m  OK  [0m] Closed ACPID Listen Socket.
[[0;32m  OK  [0m] Closed LXD - unix socket.
[[0;32m  OK  [0m] Stopped target Paths.
[[0;32m  OK  [0m] Stopped ACPI Events Check.
[[0;32m  OK  [0m] Stopped target Slices.
[[0;32m  OK  [0m] Removed slice User and Session Slice.
[[0;32m  OK  [0m] Closed D-Bus System Message Bus Socket.
[[0;32m  OK  [0m] Stopped target System Initialization.
[[0;32m  OK  [0m] Stopped Commit a transient machine-id on disk.
[[0;32m  OK  [0m] Stopped target Local Encrypted Volumes.
[[0;32m  OK  [0m] Stopped Forward Password Requests to Wall Directory Watch.
[[0;32m  OK  [0m] Stopped Dispatch Password Requests to Console Directory Watch.
         Stopping Load/Save Random Seed...
         Stopping Update UTMP about System Boot/Shutdown...
[[0;32m  OK  [0m] Stopped Initial cloud-init job (metadata service crawler).
[[0;32m  OK  [0m] Stopped Network Service.
[[0;32m  OK  [0m] Stopped Load/Save Random Seed.
[[0;32m  OK  [0m] Stopped Apply Kernel Variables.
[[0;32m  OK  [0m] Stopped Load Kernel Modules.
[[0;32m  OK  [0m] Stopped target Network (Pre).
[[0;32m  OK  [0m] Stopped Initial cloud-init job (pre-networking).
[[0;32m  OK  [0m] Stopped Update UTMP about System Boot/Shutdown.
[[0;32m  OK  [0m] Stopped Create Volatile Files and Directories.
[[0;32m  OK  [0m] Stopped target Local File Systems.
         Unmounting /vagrant...
         Unmounting /run/user/1000...
[[0;32m  OK  [0m] Unmounted /vagrant.
[[0;32m  OK  [0m] Unmounted /run/user/1000.
[[0;32m  OK  [0m] Reached target Unmount All Filesystems.
[[0;32m  OK  [0m] Stopped target Local File Systems (Pre).
         Stopping Monitoring of LVM2 mirrors…ng dmeventd or progress polling...
[[0;32m  OK  [0m] Stopped Create Static Device Nodes in /dev.
[[0;32m  OK  [0m] Stopped Remount Root and Kernel File Systems.
[[0;32m  OK  [0m] Stopped target Swap.
[[0;32m  OK  [0m] Reached target Shutdown.
[[0;32m  OK  [0m] Reached target Final Step.
         Starting Power-Off...
[[0;32m  OK  [0m] Stopped Monitoring of LVM2 mirrors,…sing dmeventd or progress polling.
         Stopping LVM2 metadata daemon...
[[0;32m  OK  [0m] Stopped LVM2 metadata daemon.
[  185.719150] systemd-journald[412]: Failed to send stream file descriptor to service manager: Connection refused
[  186.024364] systemd-journald[412]: Failed to send stream file descriptor to service manager: Transport endpoint is not connected
[  186.038262] systemd-journald[412]: Failed to send stream file descriptor to service manager: Transport endpoint is not connected
[  186.441538] systemd-journald[412]: Failed to send stream file descriptor to service manager: Transport endpoint is not connected
[  186.611026] systemd-journald[412]: Failed to send stream file descriptor to service manager: Transport endpoint is not connected
[  187.058749] systemd-journald[412]: Failed to send stream file descriptor to service manager: Transport endpoint is not connected
[  187.453959] systemd-journald[412]: Failed to send stream file descriptor to service manager: Transport endpoint is not connected
[  187.455640] systemd-journald[412]: Failed to send stream file descriptor to service manager: Transport endpoint is not connected
[  192.565834] reboot: Power down
